Using pre-set license
Built from '2020.3/staging' branch; Version is '2020.3.26f1 (7298b473bc1a) revision 7510196'; Using compiler version '192528614'; Build Type 'Release'
OS: 'Windows 10  (10.0.19044) 64bit ProfessionalWorkstation' Language: 'es' Physical Memory: 12215 MB
BatchMode: 1, IsHumanControllingUs: 0, StartBugReporterOnCrash: 0, Is64bit: 1, IsPro: 0

COMMAND LINE ARGUMENTS:
H:\Motor\Editores\2020.3.26f1\Editor\Unity.exe
-adb2
-batchMode
-noUpm
-name
AssetImportWorker0
-projectPath
H:/Scripting/Taller 3/Taller3Scripting/Taller 3
-logFile
Logs/AssetImportWorker0.log
-srvPort
58510
Successfully changed project path to: H:/Scripting/Taller 3/Taller3Scripting/Taller 3
H:/Scripting/Taller 3/Taller3Scripting/Taller 3
Using Asset Import Pipeline V2.
Refreshing native plugins compatible for Editor in 37.52 ms, found 2 plugins.
Preloading 0 native plugins for Editor in 0.00 ms.
Initialize engine version: 2020.3.26f1 (7298b473bc1a)
[Subsystems] Discovering subsystems at path H:/Motor/Editores/2020.3.26f1/Editor/Data/Resources/UnitySubsystems
[Subsystems] Discovering subsystems at path H:/Scripting/Taller 3/Taller3Scripting/Taller 3/Assets
GfxDevice: creating device client; threaded=0
Direct3D:
    Version:  Direct3D 11.0 [level 11.1]
    Renderer: NVIDIA GeForce GTX 1080 (ID=0x1b80)
    Vendor:   
    VRAM:     8079 MB
    Driver:   30.0.14.7284
Initialize mono
Mono path[0] = 'H:/Motor/Editores/2020.3.26f1/Editor/Data/Managed'
Mono path[1] = 'H:/Motor/Editores/2020.3.26f1/Editor/Data/MonoBleedingEdge/lib/mono/unityjit'
Mono config path = 'H:/Motor/Editores/2020.3.26f1/Editor/Data/MonoBleedingEdge/etc'
Using monoOptions --debugger-agent=transport=dt_socket,embedding=1,server=y,suspend=n,address=127.0.0.1:56496
Begin MonoManager ReloadAssembly
Registering precompiled unity dll's ...
Register platform support module: H:/Motor/Editores/2020.3.26f1/Editor/Data/PlaybackEngines/WindowsStandaloneSupport/UnityEditor.WindowsStandalone.Extensions.dll
Registered in 0.001272 seconds.
Native extension for WindowsStandalone target not found
Refreshing native plugins compatible for Editor in 35.55 ms, found 2 plugins.
Preloading 0 native plugins for Editor in 0.00 ms.
Mono: successfully reloaded assembly
- Completed reload, in  0.766 seconds
Domain Reload Profiling:
	ReloadAssembly (766ms)
		BeginReloadAssembly (69ms)
			ExecutionOrderSort (0ms)
			DisableScriptedObjects (0ms)
			BackupInstance (0ms)
			ReleaseScriptingObjects (0ms)
			CreateAndSetChildDomain (1ms)
		EndReloadAssembly (607ms)
			LoadAssemblies (69ms)
			RebuildTransferFunctionScriptingTraits (0ms)
			SetupTypeCache (229ms)
			ReleaseScriptCaches (0ms)
			RebuildScriptCaches (37ms)
			SetupLoadedEditorAssemblies (220ms)
				LogAssemblyErrors (0ms)
				InitializePlatformSupportModulesInManaged (5ms)
				SetLoadedEditorAssemblies (0ms)
				RefreshPlugins (36ms)
				BeforeProcessingInitializeOnLoad (23ms)
				ProcessInitializeOnLoadAttributes (116ms)
				ProcessInitializeOnLoadMethodAttributes (39ms)
				AfterProcessingInitializeOnLoad (0ms)
				EditorAssembliesLoaded (0ms)
			ExecutionOrderSort2 (0ms)
			AwakeInstancesAfterBackupRestoration (0ms)
Platform modules already initialized, skipping
Registering precompiled user dll's ...
Registered in 0.003959 seconds.
Begin MonoManager ReloadAssembly
Native extension for WindowsStandalone target not found
Refreshing native plugins compatible for Editor in 0.40 ms, found 2 plugins.
Preloading 0 native plugins for Editor in 0.00 ms.
Mono: successfully reloaded assembly
- Completed reload, in  1.372 seconds
Domain Reload Profiling:
	ReloadAssembly (1373ms)
		BeginReloadAssembly (194ms)
			ExecutionOrderSort (0ms)
			DisableScriptedObjects (7ms)
			BackupInstance (0ms)
			ReleaseScriptingObjects (0ms)
			CreateAndSetChildDomain (26ms)
		EndReloadAssembly (1112ms)
			LoadAssemblies (111ms)
			RebuildTransferFunctionScriptingTraits (0ms)
			SetupTypeCache (431ms)
			ReleaseScriptCaches (0ms)
			RebuildScriptCaches (57ms)
			SetupLoadedEditorAssemblies (398ms)
				LogAssemblyErrors (0ms)
				InitializePlatformSupportModulesInManaged (6ms)
				SetLoadedEditorAssemblies (1ms)
				RefreshPlugins (0ms)
				BeforeProcessingInitializeOnLoad (105ms)
				ProcessInitializeOnLoadAttributes (270ms)
				ProcessInitializeOnLoadMethodAttributes (11ms)
				AfterProcessingInitializeOnLoad (3ms)
				EditorAssembliesLoaded (0ms)
			ExecutionOrderSort2 (0ms)
			AwakeInstancesAfterBackupRestoration (8ms)
Platform modules already initialized, skipping
========================================================================
Worker process is ready to serve import requests
Launched and connected shader compiler UnityShaderCompiler.exe after 0.09 seconds
Refreshing native plugins compatible for Editor in 0.41 ms, found 2 plugins.
Preloading 0 native plugins for Editor in 0.00 ms.
Unloading 1502 Unused Serialized files (Serialized files now loaded: 0)
System memory in use before: 67.5 MB.
System memory in use after: 67.6 MB.

Unloading 19 unused Assets to reduce memory usage. Loaded Objects now: 1934.
Total: 3.423500 ms (FindLiveObjects: 0.214000 ms CreateObjectMapping: 0.116100 ms MarkObjects: 3.021200 ms  DeleteObjects: 0.071000 ms)

AssetImportParameters requested are different than current active one (requested -> active):
  custom:framework-win-MediaFoundation: 216162199b28c13a410421893ffa2e32 -> 
  custom:video-decoder-ogg-theora: a1e56fd34408186e4bbccfd4996cb3dc -> 
  custom:container-muxer-webm: aa71ff27fc2769a1b78a27578f13a17b -> 
  custom:container-demuxer-webm: 4f35f7cbe854078d1ac9338744f61a02 -> 
  custom:container-demuxer-ogg: 62fdf1f143b41e24485cea50d1cbac27 -> 
  custom:video-encoder-webm-vp8: eb34c28f22e8b96e1ab97ce403110664 -> 
  custom:video-decoder-webm-vp8: 9c59270c3fd7afecdb556c50c9e8de78 -> 
  custom:audio-decoder-ogg-vorbis: bf7c407c2cedff20999df2af8eb42d56 -> 
  custom:audio-encoder-webm-vorbis: bf7c407c2cedff20999df2af8eb42d56 -> 
========================================================================
Received Import Request.
  path: Assets/Scenes
  artifactKey: Guid(58da3372245bcee4ebabb82b987054b5) Importer(815301076,1909f56bfc062723c751e8b465ee728b)
Start importing Assets/Scenes using Guid(58da3372245bcee4ebabb82b987054b5) Importer(815301076,1909f56bfc062723c751e8b465ee728b)  -> (artifact id: '2e0140ca45d17f8e495fbfa9787d322d') in 0.008628 seconds 
  Import took 0.011405 seconds .

========================================================================
Received Import Request.
  Time since last request: 0.000288 seconds.
  path: Assets/Scenes/SampleScene.unity
  artifactKey: Guid(9fc0d4010bbf28b4594072e72b8655ab) Importer(815301076,1909f56bfc062723c751e8b465ee728b)
Start importing Assets/Scenes/SampleScene.unity using Guid(9fc0d4010bbf28b4594072e72b8655ab) Importer(815301076,1909f56bfc062723c751e8b465ee728b)  -> (artifact id: '85059f4f9e1a832ed95adaa0d25c5c4c') in 0.016716 seconds 
  Import took 0.020425 seconds .

========================================================================
Received Import Request.
  Time since last request: 5.543950 seconds.
  path: Assets/Scenes/Punto 1.unity
  artifactKey: Guid(9fc0d4010bbf28b4594072e72b8655ab) Importer(815301076,1909f56bfc062723c751e8b465ee728b)
Start importing Assets/Scenes/Punto 1.unity using Guid(9fc0d4010bbf28b4594072e72b8655ab) Importer(815301076,1909f56bfc062723c751e8b465ee728b)  -> (artifact id: '5805152490635a62267dd2bb9554fe2a') in 0.021314 seconds 
  Import took 0.026188 seconds .

========================================================================
Received Import Request.
  Time since last request: 10.804981 seconds.
  path: Assets/Scenes/Punto 2.unity
  artifactKey: Guid(27bf49b62906dee42bbbc8148e0126f0) Importer(815301076,1909f56bfc062723c751e8b465ee728b)
Start importing Assets/Scenes/Punto 2.unity using Guid(27bf49b62906dee42bbbc8148e0126f0) Importer(815301076,1909f56bfc062723c751e8b465ee728b)  -> (artifact id: 'ce09802954d3e384ea057ab4d81a9df3') in 0.011600 seconds 
  Import took 0.014529 seconds .

========================================================================
Received Import Request.
  Time since last request: 6.704552 seconds.
  path: Assets/Scenes/Punto 3.unity
  artifactKey: Guid(8c384c5989c253844a72fd873b2d7829) Importer(815301076,1909f56bfc062723c751e8b465ee728b)
Start importing Assets/Scenes/Punto 3.unity using Guid(8c384c5989c253844a72fd873b2d7829) Importer(815301076,1909f56bfc062723c751e8b465ee728b)  -> (artifact id: '40c0dcdfdc567e745aef13d920b9daae') in 0.008122 seconds 
  Import took 0.012026 seconds .

========================================================================
Received Import Request.
  Time since last request: 73.305477 seconds.
  path: Assets
  artifactKey: Guid(00000000000000001000000000000000) Importer(815301076,1909f56bfc062723c751e8b465ee728b)
Start importing Assets using Guid(00000000000000001000000000000000) Importer(815301076,1909f56bfc062723c751e8b465ee728b)  -> (artifact id: '42d402b061de3733987d63b9cc3b64de') in 0.009290 seconds 
  Import took 0.013283 seconds .

========================================================================
Received Import Request.
  Time since last request: 3.832097 seconds.
  path: Assets/Scripts
  artifactKey: Guid(ac6e7f8ee70d37344ba733c85368cc00) Importer(815301076,1909f56bfc062723c751e8b465ee728b)
Start importing Assets/Scripts using Guid(ac6e7f8ee70d37344ba733c85368cc00) Importer(815301076,1909f56bfc062723c751e8b465ee728b)  -> (artifact id: 'faa7441aa15d954efd7d8e27002981b3') in 0.006678 seconds 
  Import took 0.009595 seconds .

========================================================================
Received Import Request.
  Time since last request: 4.966503 seconds.
  path: Assets/Prefabs
  artifactKey: Guid(e218ad00f5a6fcf47ad950566d4c6423) Importer(815301076,1909f56bfc062723c751e8b465ee728b)
Start importing Assets/Prefabs using Guid(e218ad00f5a6fcf47ad950566d4c6423) Importer(815301076,1909f56bfc062723c751e8b465ee728b)  -> (artifact id: '22750bc3c6c7927f3eb177da4298b4ca') in 0.007302 seconds 
  Import took 0.010833 seconds .

========================================================================
Received Import Request.
  Time since last request: 12.485515 seconds.
  path: Assets/Scripts/Utility
  artifactKey: Guid(eaf2418d02633c34bb6df77451ceb120) Importer(815301076,1909f56bfc062723c751e8b465ee728b)
Start importing Assets/Scripts/Utility using Guid(eaf2418d02633c34bb6df77451ceb120) Importer(815301076,1909f56bfc062723c751e8b465ee728b)  -> (artifact id: '803b4b430e61f2c43c05b3161382700e') in 0.006742 seconds 
  Import took 0.010419 seconds .

AssetImportWorkerClient::OnTransportError - code=2 error=End of file
